<?xml version="1.0" encoding="UTF-8"?>
<testsuite xmlns:xsi="http://www.w3.org/2001/XMLSchema-instance" xsi:noNamespaceSchemaLocation="https://maven.apache.org/surefire/maven-surefire-plugin/xsd/surefire-test-report-3.0.xsd" version="3.0" name="com.example.book_management.BookManagementApplicationTests" time="7.958" tests="1" errors="0" skipped="0" failures="0">
  <properties>
[...]
</properties>
  <testcase name="contextLoads" classname="com.example.book_management.BookManagementApplicationTests" time="0.068">
    <system-out><![CDATA[08:53:48.297 [main] DEBUG org.springframework.test.context.BootstrapUtils - Instantiating CacheAwareContextLoaderDelegate from class [org.springframework.test.context.cache.DefaultCacheAwareContextLoaderDelegate]
08:53:48.306 [main] DEBUG org.springframework.test.context.BootstrapUtils - Instantiating BootstrapContext using constructor [public org.springframework.test.context.support.DefaultBootstrapContext(java.lang.Class,org.springframework.test.context.CacheAwareContextLoaderDelegate)]
08:53:48.333 [main] DEBUG org.springframework.test.context.BootstrapUtils - Instantiating TestContextBootstrapper for test class [com.example.book_management.BookManagementApplicationTests] from class [org.springframework.boot.test.context.SpringBootTestContextBootstrapper]
08:53:48.342 [main] INFO org.springframework.boot.test.context.SpringBootTestContextBootstrapper - Neither @ContextConfiguration nor @ContextHierarchy found for test class [com.example.book_management.BookManagementApplicationTests], using SpringBootContextLoader
08:53:48.347 [main] DEBUG org.springframework.test.context.support.AbstractContextLoader - Did not detect default resource location for test class [com.example.book_management.BookManagementApplicationTests]: class path resource [com/example/book_management/BookManagementApplicationTests-context.xml] does not exist
08:53:48.347 [main] DEBUG org.springframework.test.context.support.AbstractContextLoader - Did not detect default resource location for test class [com.example.book_management.BookManagementApplicationTests]: class path resource [com/example/book_management/BookManagementApplicationTestsContext.groovy] does not exist
08:53:48.347 [main] INFO org.springframework.test.context.support.AbstractContextLoader - Could not detect default resource locations for test class [com.example.book_management.BookManagementApplicationTests]: no resource found for suffixes {-context.xml, Context.groovy}.
08:53:48.348 [main] INFO org.springframework.test.context.support.AnnotationConfigContextLoaderUtils - Could not detect default configuration classes for test class [com.example.book_management.BookManagementApplicationTests]: BookManagementApplicationTests does not declare any static, non-private, non-final, nested classes annotated with @Configuration.
08:53:48.381 [main] DEBUG org.springframework.test.context.support.ActiveProfilesUtils - Could not find an 'annotation declaring class' for annotation type [org.springframework.test.context.ActiveProfiles] and class [com.example.book_management.BookManagementApplicationTests]
08:53:48.438 [main] DEBUG org.springframework.context.annotation.ClassPathScanningCandidateComponentProvider - Identified candidate component class: file [F:\Code\book_management\target\classes\com\example\book_management\BookManagementApplication.class]
08:53:48.439 [main] INFO org.springframework.boot.test.context.SpringBootTestContextBootstrapper - Found @SpringBootConfiguration com.example.book_management.BookManagementApplication for test class com.example.book_management.BookManagementApplicationTests
08:53:48.499 [main] DEBUG org.springframework.boot.test.context.SpringBootTestContextBootstrapper - @TestExecutionListeners is not present for class [com.example.book_management.BookManagementApplicationTests]: using defaults.
08:53:48.499 [main] INFO org.springframework.boot.test.context.SpringBootTestContextBootstrapper - Loaded default TestExecutionListener class names from location [META-INF/spring.factories]: [org.springframework.boot.test.mock.mockito.MockitoTestExecutionListener, org.springframework.boot.test.mock.mockito.ResetMocksTestExecutionListener, org.springframework.boot.test.autoconfigure.restdocs.RestDocsTestExecutionListener, org.springframework.boot.test.autoconfigure.web.client.MockRestServiceServerResetTestExecutionListener, org.springframework.boot.test.autoconfigure.web.servlet.MockMvcPrintOnlyOnFailureTestExecutionListener, org.springframework.boot.test.autoconfigure.web.servlet.WebDriverTestExecutionListener, org.springframework.boot.test.autoconfigure.webservices.client.MockWebServiceServerTestExecutionListener, org.springframework.test.context.web.ServletTestExecutionListener, org.springframework.test.context.support.DirtiesContextBeforeModesTestExecutionListener, org.springframework.test.context.event.ApplicationEventsTestExecutionListener, org.springframework.test.context.support.DependencyInjectionTestExecutionListener, org.springframework.test.context.support.DirtiesContextTestExecutionListener, org.springframework.test.context.transaction.TransactionalTestExecutionListener, org.springframework.test.context.jdbc.SqlScriptsTestExecutionListener, org.springframework.test.context.event.EventPublishingTestExecutionListener]
08:53:48.511 [main] INFO org.springframework.boot.test.context.SpringBootTestContextBootstrapper - Using TestExecutionListeners: [org.springframework.test.context.web.ServletTestExecutionListener@29f7cefd, org.springframework.test.context.support.DirtiesContextBeforeModesTestExecutionListener@700fb871, org.springframework.test.context.event.ApplicationEventsTestExecutionListener@3b35a229, org.springframework.boot.test.mock.mockito.MockitoTestExecutionListener@9816741, org.springframework.boot.test.autoconfigure.SpringBootDependencyInjectionTestExecutionListener@1e16c0aa, org.springframework.test.context.support.DirtiesContextTestExecutionListener@13d73f29, org.springframework.test.context.transaction.TransactionalTestExecutionListener@565f390, org.springframework.test.context.jdbc.SqlScriptsTestExecutionListener@7dc3712, org.springframework.test.context.event.EventPublishingTestExecutionListener@2f67a4d3, org.springframework.boot.test.mock.mockito.ResetMocksTestExecutionListener@5e3f861, org.springframework.boot.test.autoconfigure.restdocs.RestDocsTestExecutionListener@2fb0623e, org.springframework.boot.test.autoconfigure.web.client.MockRestServiceServerResetTestExecutionListener@49b2a47d, org.springframework.boot.test.autoconfigure.web.servlet.MockMvcPrintOnlyOnFailureTestExecutionListener@5be1d0a4, org.springframework.boot.test.autoconfigure.web.servlet.WebDriverTestExecutionListener@415b0b49, org.springframework.boot.test.autoconfigure.webservices.client.MockWebServiceServerTestExecutionListener@6d5620ce]
08:53:48.514 [main] DEBUG org.springframework.test.context.support.AbstractDirtiesContextTestExecutionListener - Before test class: context [DefaultTestContext@20bd8be5 testClass = BookManagementApplicationTests, testInstance = [null], testMethod = [null], testException = [null], mergedContextConfiguration = [WebMergedContextConfiguration@730d2164 testClass = BookManagementApplicationTests, locations = '{}', classes = '{class com.example.book_management.BookManagementApplication}', contextInitializerClasses = '[]', activeProfiles = '{}', propertySourceLocations = '{}', propertySourceProperties = '{org.springframework.boot.test.context.SpringBootTestContextBootstrapper=true}', contextCustomizers = set[org.springframework.boot.test.context.filter.ExcludeFilterContextCustomizer@185a6e9, org.springframework.boot.test.json.DuplicateJsonObjectContextCustomizerFactory$DuplicateJsonObjectContextCustomizer@3cd3e762, org.springframework.boot.test.mock.mockito.MockitoContextCustomizer@0, org.springframework.boot.test.web.client.TestRestTemplateContextCustomizer@5dda768f, org.springframework.boot.test.autoconfigure.actuate.metrics.MetricsExportContextCustomizerFactory$DisableMetricExportContextCustomizer@752325ad, org.springframework.boot.test.autoconfigure.properties.PropertyMappingContextCustomizer@0, org.springframework.boot.test.autoconfigure.web.servlet.WebDriverContextCustomizerFactory$Customizer@38afe297, org.springframework.boot.test.context.SpringBootTestArgs@1, org.springframework.boot.test.context.SpringBootTestWebEnvironment@32709393], resourceBasePath = 'src/main/webapp', contextLoader = 'org.springframework.boot.test.context.SpringBootContextLoader', parent = [null]], attributes = map['org.springframework.test.context.web.ServletTestExecutionListener.activateListener' -> true]], class annotated with @DirtiesContext [false] with mode [null].

  .   ____          _            __ _ _
 /\\ / ___'_ __ _ _(_)_ __  __ _ \ \ \ \
( ( )\___ | '_ | '_| | '_ \/ _` | \ \ \ \
 \\/  ___)| |_)| | | | | || (_| |  ) ) ) )
  '  |____| .__|_| |_|_| |_\__, | / / / /
 =========|_|==============|___/=/_/_/_/
 :: Spring Boot ::                (v2.7.9)

2025-04-12 08:53:48.947  INFO 14332 --- [           main] c.e.b.BookManagementApplicationTests     : Starting BookManagementApplicationTests using Java 1.8.0_361 on TSY111 with PID 14332 (started by 55306 in F:\Code\book_management)
2025-04-12 08:53:48.950  INFO 14332 --- [           main] c.e.b.BookManagementApplicationTests     : No active profile set, falling back to 1 default profile: "default"
2025-04-12 08:53:50.444  INFO 14332 --- [           main] .s.d.r.c.RepositoryConfigurationDelegate : Bootstrapping Spring Data JPA repositories in DEFAULT mode.
2025-04-12 08:53:50.478  INFO 14332 --- [           main] .s.d.r.c.RepositoryConfigurationDelegate : Finished Spring Data repository scanning in 12 ms. Found 0 JPA repository interfaces.
2025-04-12 08:53:52.002  INFO 14332 --- [           main] com.zaxxer.hikari.HikariDataSource       : HikariPool-1 - Starting...
2025-04-12 08:53:52.300  INFO 14332 --- [           main] com.zaxxer.hikari.HikariDataSource       : HikariPool-1 - Start completed.
2025-04-12 08:53:52.367  INFO 14332 --- [           main] o.hibernate.jpa.internal.util.LogHelper  : HHH000204: Processing PersistenceUnitInfo [name: default]
2025-04-12 08:53:52.444  INFO 14332 --- [           main] org.hibernate.Version                    : HHH000412: Hibernate ORM core version 5.6.15.Final
2025-04-12 08:53:52.734  INFO 14332 --- [           main] o.hibernate.annotations.common.Version   : HCANN000001: Hibernate Commons Annotations {5.1.2.Final}
2025-04-12 08:53:53.565  INFO 14332 --- [           main] org.hibernate.dialect.Dialect            : HHH000400: Using dialect: org.hibernate.dialect.MySQL8Dialect
2025-04-12 08:53:53.990  INFO 14332 --- [           main] o.h.e.t.j.p.i.JtaPlatformInitiator       : HHH000490: Using JtaPlatform implementation: [org.hibernate.engine.transaction.jta.platform.internal.NoJtaPlatform]
2025-04-12 08:53:54.005  INFO 14332 --- [           main] j.LocalContainerEntityManagerFactoryBean : Initialized JPA EntityManagerFactory for persistence unit 'default'
 _ _   |_  _ _|_. ___ _ |    _ 
| | |\/|_)(_| | |_\  |_)||_|_\ 
     /               |         
                        3.5.3.1 
2025-04-12 08:53:55.167  WARN 14332 --- [           main] JpaBaseConfiguration$JpaWebConfiguration : spring.jpa.open-in-view is enabled by default. Therefore, database queries may be performed during view rendering. Explicitly configure spring.jpa.open-in-view to disable this warning
2025-04-12 08:53:55.530  INFO 14332 --- [           main] o.s.b.a.w.s.WelcomePageHandlerMapping    : Adding welcome page: class path resource [static/index.html]
2025-04-12 08:53:55.831  INFO 14332 --- [           main] .s.s.UserDetailsServiceAutoConfiguration : 

Using generated security password: 2502f749-ae3a-458c-bf06-601f05be6536

2025-04-12 08:53:56.031  INFO 14332 --- [           main] o.s.s.web.DefaultSecurityFilterChain     : Will secure any request with [org.springframework.security.web.session.DisableEncodeUrlFilter@d16209e, org.springframework.security.web.context.request.async.WebAsyncManagerIntegrationFilter@75527e36, org.springframework.security.web.context.SecurityContextPersistenceFilter@3a861417, org.springframework.security.web.header.HeaderWriterFilter@734fbae3, org.springframework.security.web.csrf.CsrfFilter@aca2fc3, org.springframework.security.web.authentication.logout.LogoutFilter@656ec00d, org.springframework.security.web.authentication.UsernamePasswordAuthenticationFilter@3356ff58, org.springframework.security.web.authentication.ui.DefaultLoginPageGeneratingFilter@1f172892, org.springframework.security.web.authentication.ui.DefaultLogoutPageGeneratingFilter@76596288, org.springframework.security.web.authentication.www.BasicAuthenticationFilter@45e7bb79, org.springframework.security.web.savedrequest.RequestCacheAwareFilter@68e47e7, org.springframework.security.web.servletapi.SecurityContextHolderAwareRequestFilter@16ac4d3d, org.springframework.security.web.authentication.AnonymousAuthenticationFilter@6d815fb7, org.springframework.security.web.session.SessionManagementFilter@4a6a6a69, org.springframework.security.web.access.ExceptionTranslationFilter@8ac12e6, org.springframework.security.web.access.intercept.FilterSecurityInterceptor@5822ecda]
2025-04-12 08:53:56.114  INFO 14332 --- [           main] c.e.b.BookManagementApplicationTests     : Started BookManagementApplicationTests in 7.567 seconds (JVM running for 8.36)
]]></system-out>
  </testcase>
</testsuite>